[2023-02-28 00:08:40] local.ERROR: could not find driver (Connection: sqlite, SQL: PRAGMA foreign_keys = ON;) {"exception":"[object] (Illuminate\\Database\\QueryException(code: 0): could not find driver (Connection: sqlite, SQL: PRAGMA foreign_keys = ON;) at /home/cas/Documents/laravel-blog/laravel-blog/blog/vendor/laravel/framework/src/Illuminate/Database/Connection.php:760)
[stacktrace]
#0 /home/cas/Documents/laravel-blog/laravel-blog/blog/vendor/laravel/framework/src/Illuminate/Database/Connection.php(720): Illuminate\\Database\\Connection->runQueryCallback()
#1 /home/cas/Documents/laravel-blog/laravel-blog/blog/vendor/laravel/framework/src/Illuminate/Database/Connection.php(534): Illuminate\\Database\\Connection->run()
#2 /home/cas/Documents/laravel-blog/laravel-blog/blog/vendor/laravel/framework/src/Illuminate/Database/Schema/Builder.php(397): Illuminate\\Database\\Connection->statement()
#3 /home/cas/Documents/laravel-blog/laravel-blog/blog/vendor/laravel/framework/src/Illuminate/Database/SQLiteConnection.php(35): Illuminate\\Database\\Schema\\Builder->enableForeignKeyConstraints()
#4 /home/cas/Documents/laravel-blog/laravel-blog/blog/vendor/laravel/framework/src/Illuminate/Database/Connectors/ConnectionFactory.php(272): Illuminate\\Database\\SQLiteConnection->__construct()
#5 /home/cas/Documents/laravel-blog/laravel-blog/blog/vendor/laravel/framework/src/Illuminate/Database/Connectors/ConnectionFactory.php(75): Illuminate\\Database\\Connectors\\ConnectionFactory->createConnection()
#6 /home/cas/Documents/laravel-blog/laravel-blog/blog/vendor/laravel/framework/src/Illuminate/Database/Connectors/ConnectionFactory.php(50): Illuminate\\Database\\Connectors\\ConnectionFactory->createSingleConnection()
#7 /home/cas/Documents/laravel-blog/laravel-blog/blog/vendor/laravel/framework/src/Illuminate/Database/DatabaseManager.php(152): Illuminate\\Database\\Connectors\\ConnectionFactory->make()
#8 /home/cas/Documents/laravel-blog/laravel-blog/blog/vendor/laravel/framework/src/Illuminate/Database/DatabaseManager.php(101): Illuminate\\Database\\DatabaseManager->makeConnection()
#9 /home/cas/Documents/laravel-blog/laravel-blog/blog/vendor/laravel/framework/src/Illuminate/Database/Migrations/DatabaseMigrationRepository.php(226): Illuminate\\Database\\DatabaseManager->connection()
#10 /home/cas/Documents/laravel-blog/laravel-blog/blog/vendor/laravel/framework/src/Illuminate/Database/Migrations/DatabaseMigrationRepository.php(182): Illuminate\\Database\\Migrations\\DatabaseMigrationRepository->getConnection()
#11 /home/cas/Documents/laravel-blog/laravel-blog/blog/vendor/laravel/framework/src/Illuminate/Database/Migrations/Migrator.php(699): Illuminate\\Database\\Migrations\\DatabaseMigrationRepository->repositoryExists()
#12 /home/cas/Documents/laravel-blog/laravel-blog/blog/vendor/laravel/framework/src/Illuminate/Database/Console/Migrations/MigrateCommand.php(138): Illuminate\\Database\\Migrations\\Migrator->repositoryExists()
#13 /home/cas/Documents/laravel-blog/laravel-blog/blog/vendor/laravel/framework/src/Illuminate/Support/helpers.php(247): Illuminate\\Database\\Console\\Migrations\\MigrateCommand->Illuminate\\Database\\Console\\Migrations\\{closure}()
#14 /home/cas/Documents/laravel-blog/laravel-blog/blog/vendor/laravel/framework/src/Illuminate/Database/Console/Migrations/MigrateCommand.php(138): retry()
#15 /home/cas/Documents/laravel-blog/laravel-blog/blog/vendor/laravel/framework/src/Illuminate/Database/Console/Migrations/MigrateCommand.php(114): Illuminate\\Database\\Console\\Migrations\\MigrateCommand->repositoryExists()
#16 /home/cas/Documents/laravel-blog/laravel-blog/blog/vendor/laravel/framework/src/Illuminate/Database/Console/Migrations/MigrateCommand.php(82): Illuminate\\Database\\Console\\Migrations\\MigrateCommand->prepareDatabase()
#17 /home/cas/Documents/laravel-blog/laravel-blog/blog/vendor/laravel/framework/src/Illuminate/Database/Migrations/Migrator.php(632): Illuminate\\Database\\Console\\Migrations\\MigrateCommand->Illuminate\\Database\\Console\\Migrations\\{closure}()
#18 /home/cas/Documents/laravel-blog/laravel-blog/blog/vendor/laravel/framework/src/Illuminate/Database/Console/Migrations/MigrateCommand.php(81): Illuminate\\Database\\Migrations\\Migrator->usingConnection()
#19 /home/cas/Documents/laravel-blog/laravel-blog/blog/vendor/laravel/framework/src/Illuminate/Container/BoundMethod.php(36): Illuminate\\Database\\Console\\Migrations\\MigrateCommand->handle()
#20 /home/cas/Documents/laravel-blog/laravel-blog/blog/vendor/laravel/framework/src/Illuminate/Container/Util.php(41): Illuminate\\Container\\BoundMethod::Illuminate\\Container\\{closure}()
#21 /home/cas/Documents/laravel-blog/laravel-blog/blog/vendor/laravel/framework/src/Illuminate/Container/BoundMethod.php(93): Illuminate\\Container\\Util::unwrapIfClosure()
#22 /home/cas/Documents/laravel-blog/laravel-blog/blog/vendor/laravel/framework/src/Illuminate/Container/BoundMethod.php(35): Illuminate\\Container\\BoundMethod::callBoundMethod()
#23 /home/cas/Documents/laravel-blog/laravel-blog/blog/vendor/laravel/framework/src/Illuminate/Container/Container.php(661): Illuminate\\Container\\BoundMethod::call()
#24 /home/cas/Documents/laravel-blog/laravel-blog/blog/vendor/laravel/framework/src/Illuminate/Console/Command.php(194): Illuminate\\Container\\Container->call()
#25 /home/cas/Documents/laravel-blog/laravel-blog/blog/vendor/symfony/console/Command/Command.php(312): Illuminate\\Console\\Command->execute()
#26 /home/cas/Documents/laravel-blog/laravel-blog/blog/vendor/laravel/framework/src/Illuminate/Console/Command.php(163): Symfony\\Component\\Console\\Command\\Command->run()
#27 /home/cas/Documents/laravel-blog/laravel-blog/blog/vendor/symfony/console/Application.php(1022): Illuminate\\Console\\Command->run()
#28 /home/cas/Documents/laravel-blog/laravel-blog/blog/vendor/symfony/console/Application.php(314): Symfony\\Component\\Console\\Application->doRunCommand()
#29 /home/cas/Documents/laravel-blog/laravel-blog/blog/vendor/symfony/console/Application.php(168): Symfony\\Component\\Console\\Application->doRun()
#30 /home/cas/Documents/laravel-blog/laravel-blog/blog/vendor/laravel/framework/src/Illuminate/Console/Application.php(102): Symfony\\Component\\Console\\Application->run()
#31 /home/cas/Documents/laravel-blog/laravel-blog/blog/vendor/laravel/framework/src/Illuminate/Foundation/Console/Kernel.php(155): Illuminate\\Console\\Application->run()
#32 /home/cas/Documents/laravel-blog/laravel-blog/blog/artisan(35): Illuminate\\Foundation\\Console\\Kernel->handle()
#33 {main}

[previous exception] [object] (PDOException(code: 0): could not find driver at /home/cas/Documents/laravel-blog/laravel-blog/blog/vendor/laravel/framework/src/Illuminate/Database/Connectors/Connector.php:65)
[stacktrace]
#0 /home/cas/Documents/laravel-blog/laravel-blog/blog/vendor/laravel/framework/src/Illuminate/Database/Connectors/Connector.php(65): PDO->__construct()
#1 /home/cas/Documents/laravel-blog/laravel-blog/blog/vendor/laravel/framework/src/Illuminate/Database/Connectors/Connector.php(44): Illuminate\\Database\\Connectors\\Connector->createPdoConnection()
#2 /home/cas/Documents/laravel-blog/laravel-blog/blog/vendor/laravel/framework/src/Illuminate/Database/Connectors/SQLiteConnector.php(37): Illuminate\\Database\\Connectors\\Connector->createConnection()
#3 /home/cas/Documents/laravel-blog/laravel-blog/blog/vendor/laravel/framework/src/Illuminate/Database/Connectors/ConnectionFactory.php(221): Illuminate\\Database\\Connectors\\SQLiteConnector->connect()
#4 [internal function]: Illuminate\\Database\\Connectors\\ConnectionFactory->Illuminate\\Database\\Connectors\\{closure}()
#5 /home/cas/Documents/laravel-blog/laravel-blog/blog/vendor/laravel/framework/src/Illuminate/Database/Connection.php(1177): call_user_func()
#6 /home/cas/Documents/laravel-blog/laravel-blog/blog/vendor/laravel/framework/src/Illuminate/Database/Connection.php(539): Illuminate\\Database\\Connection->getPdo()
#7 /home/cas/Documents/laravel-blog/laravel-blog/blog/vendor/laravel/framework/src/Illuminate/Database/Connection.php(753): Illuminate\\Database\\Connection->Illuminate\\Database\\{closure}()
#8 /home/cas/Documents/laravel-blog/laravel-blog/blog/vendor/laravel/framework/src/Illuminate/Database/Connection.php(720): Illuminate\\Database\\Connection->runQueryCallback()
#9 /home/cas/Documents/laravel-blog/laravel-blog/blog/vendor/laravel/framework/src/Illuminate/Database/Connection.php(534): Illuminate\\Database\\Connection->run()
#10 /home/cas/Documents/laravel-blog/laravel-blog/blog/vendor/laravel/framework/src/Illuminate/Database/Schema/Builder.php(397): Illuminate\\Database\\Connection->statement()
#11 /home/cas/Documents/laravel-blog/laravel-blog/blog/vendor/laravel/framework/src/Illuminate/Database/SQLiteConnection.php(35): Illuminate\\Database\\Schema\\Builder->enableForeignKeyConstraints()
#12 /home/cas/Documents/laravel-blog/laravel-blog/blog/vendor/laravel/framework/src/Illuminate/Database/Connectors/ConnectionFactory.php(272): Illuminate\\Database\\SQLiteConnection->__construct()
#13 /home/cas/Documents/laravel-blog/laravel-blog/blog/vendor/laravel/framework/src/Illuminate/Database/Connectors/ConnectionFactory.php(75): Illuminate\\Database\\Connectors\\ConnectionFactory->createConnection()
#14 /home/cas/Documents/laravel-blog/laravel-blog/blog/vendor/laravel/framework/src/Illuminate/Database/Connectors/ConnectionFactory.php(50): Illuminate\\Database\\Connectors\\ConnectionFactory->createSingleConnection()
#15 /home/cas/Documents/laravel-blog/laravel-blog/blog/vendor/laravel/framework/src/Illuminate/Database/DatabaseManager.php(152): Illuminate\\Database\\Connectors\\ConnectionFactory->make()
#16 /home/cas/Documents/laravel-blog/laravel-blog/blog/vendor/laravel/framework/src/Illuminate/Database/DatabaseManager.php(101): Illuminate\\Database\\DatabaseManager->makeConnection()
#17 /home/cas/Documents/laravel-blog/laravel-blog/blog/vendor/laravel/framework/src/Illuminate/Database/Migrations/DatabaseMigrationRepository.php(226): Illuminate\\Database\\DatabaseManager->connection()
#18 /home/cas/Documents/laravel-blog/laravel-blog/blog/vendor/laravel/framework/src/Illuminate/Database/Migrations/DatabaseMigrationRepository.php(182): Illuminate\\Database\\Migrations\\DatabaseMigrationRepository->getConnection()
#19 /home/cas/Documents/laravel-blog/laravel-blog/blog/vendor/laravel/framework/src/Illuminate/Database/Migrations/Migrator.php(699): Illuminate\\Database\\Migrations\\DatabaseMigrationRepository->repositoryExists()
#20 /home/cas/Documents/laravel-blog/laravel-blog/blog/vendor/laravel/framework/src/Illuminate/Database/Console/Migrations/MigrateCommand.php(138): Illuminate\\Database\\Migrations\\Migrator->repositoryExists()
#21 /home/cas/Documents/laravel-blog/laravel-blog/blog/vendor/laravel/framework/src/Illuminate/Support/helpers.php(247): Illuminate\\Database\\Console\\Migrations\\MigrateCommand->Illuminate\\Database\\Console\\Migrations\\{closure}()
#22 /home/cas/Documents/laravel-blog/laravel-blog/blog/vendor/laravel/framework/src/Illuminate/Database/Console/Migrations/MigrateCommand.php(138): retry()
#23 /home/cas/Documents/laravel-blog/laravel-blog/blog/vendor/laravel/framework/src/Illuminate/Database/Console/Migrations/MigrateCommand.php(114): Illuminate\\Database\\Console\\Migrations\\MigrateCommand->repositoryExists()
#24 /home/cas/Documents/laravel-blog/laravel-blog/blog/vendor/laravel/framework/src/Illuminate/Database/Console/Migrations/MigrateCommand.php(82): Illuminate\\Database\\Console\\Migrations\\MigrateCommand->prepareDatabase()
#25 /home/cas/Documents/laravel-blog/laravel-blog/blog/vendor/laravel/framework/src/Illuminate/Database/Migrations/Migrator.php(632): Illuminate\\Database\\Console\\Migrations\\MigrateCommand->Illuminate\\Database\\Console\\Migrations\\{closure}()
#26 /home/cas/Documents/laravel-blog/laravel-blog/blog/vendor/laravel/framework/src/Illuminate/Database/Console/Migrations/MigrateCommand.php(81): Illuminate\\Database\\Migrations\\Migrator->usingConnection()
#27 /home/cas/Documents/laravel-blog/laravel-blog/blog/vendor/laravel/framework/src/Illuminate/Container/BoundMethod.php(36): Illuminate\\Database\\Console\\Migrations\\MigrateCommand->handle()
#28 /home/cas/Documents/laravel-blog/laravel-blog/blog/vendor/laravel/framework/src/Illuminate/Container/Util.php(41): Illuminate\\Container\\BoundMethod::Illuminate\\Container\\{closure}()
#29 /home/cas/Documents/laravel-blog/laravel-blog/blog/vendor/laravel/framework/src/Illuminate/Container/BoundMethod.php(93): Illuminate\\Container\\Util::unwrapIfClosure()
#30 /home/cas/Documents/laravel-blog/laravel-blog/blog/vendor/laravel/framework/src/Illuminate/Container/BoundMethod.php(35): Illuminate\\Container\\BoundMethod::callBoundMethod()
#31 /home/cas/Documents/laravel-blog/laravel-blog/blog/vendor/laravel/framework/src/Illuminate/Container/Container.php(661): Illuminate\\Container\\BoundMethod::call()
#32 /home/cas/Documents/laravel-blog/laravel-blog/blog/vendor/laravel/framework/src/Illuminate/Console/Command.php(194): Illuminate\\Container\\Container->call()
#33 /home/cas/Documents/laravel-blog/laravel-blog/blog/vendor/symfony/console/Command/Command.php(312): Illuminate\\Console\\Command->execute()
#34 /home/cas/Documents/laravel-blog/laravel-blog/blog/vendor/laravel/framework/src/Illuminate/Console/Command.php(163): Symfony\\Component\\Console\\Command\\Command->run()
#35 /home/cas/Documents/laravel-blog/laravel-blog/blog/vendor/symfony/console/Application.php(1022): Illuminate\\Console\\Command->run()
#36 /home/cas/Documents/laravel-blog/laravel-blog/blog/vendor/symfony/console/Application.php(314): Symfony\\Component\\Console\\Application->doRunCommand()
#37 /home/cas/Documents/laravel-blog/laravel-blog/blog/vendor/symfony/console/Application.php(168): Symfony\\Component\\Console\\Application->doRun()
#38 /home/cas/Documents/laravel-blog/laravel-blog/blog/vendor/laravel/framework/src/Illuminate/Console/Application.php(102): Symfony\\Component\\Console\\Application->run()
#39 /home/cas/Documents/laravel-blog/laravel-blog/blog/vendor/laravel/framework/src/Illuminate/Foundation/Console/Kernel.php(155): Illuminate\\Console\\Application->run()
#40 /home/cas/Documents/laravel-blog/laravel-blog/blog/artisan(35): Illuminate\\Foundation\\Console\\Kernel->handle()
#41 {main}
"} 
[2023-02-28 00:11:19] local.ERROR: Database connection [sqlite3] not configured. {"exception":"[object] (InvalidArgumentException(code: 0): Database connection [sqlite3] not configured. at /home/cas/Documents/laravel-blog/laravel-blog/blog/vendor/laravel/framework/src/Illuminate/Database/DatabaseManager.php:173)
[stacktrace]
#0 /home/cas/Documents/laravel-blog/laravel-blog/blog/vendor/laravel/framework/src/Illuminate/Database/DatabaseManager.php(136): Illuminate\\Database\\DatabaseManager->configuration()
#1 /home/cas/Documents/laravel-blog/laravel-blog/blog/vendor/laravel/framework/src/Illuminate/Database/DatabaseManager.php(101): Illuminate\\Database\\DatabaseManager->makeConnection()
#2 /home/cas/Documents/laravel-blog/laravel-blog/blog/vendor/laravel/framework/src/Illuminate/Database/Migrations/DatabaseMigrationRepository.php(226): Illuminate\\Database\\DatabaseManager->connection()
#3 /home/cas/Documents/laravel-blog/laravel-blog/blog/vendor/laravel/framework/src/Illuminate/Database/Migrations/DatabaseMigrationRepository.php(182): Illuminate\\Database\\Migrations\\DatabaseMigrationRepository->getConnection()
#4 /home/cas/Documents/laravel-blog/laravel-blog/blog/vendor/laravel/framework/src/Illuminate/Database/Migrations/Migrator.php(699): Illuminate\\Database\\Migrations\\DatabaseMigrationRepository->repositoryExists()
#5 /home/cas/Documents/laravel-blog/laravel-blog/blog/vendor/laravel/framework/src/Illuminate/Database/Console/Migrations/MigrateCommand.php(138): Illuminate\\Database\\Migrations\\Migrator->repositoryExists()
#6 /home/cas/Documents/laravel-blog/laravel-blog/blog/vendor/laravel/framework/src/Illuminate/Support/helpers.php(247): Illuminate\\Database\\Console\\Migrations\\MigrateCommand->Illuminate\\Database\\Console\\Migrations\\{closure}()
#7 /home/cas/Documents/laravel-blog/laravel-blog/blog/vendor/laravel/framework/src/Illuminate/Database/Console/Migrations/MigrateCommand.php(138): retry()
#8 /home/cas/Documents/laravel-blog/laravel-blog/blog/vendor/laravel/framework/src/Illuminate/Database/Console/Migrations/MigrateCommand.php(114): Illuminate\\Database\\Console\\Migrations\\MigrateCommand->repositoryExists()
#9 /home/cas/Documents/laravel-blog/laravel-blog/blog/vendor/laravel/framework/src/Illuminate/Database/Console/Migrations/MigrateCommand.php(82): Illuminate\\Database\\Console\\Migrations\\MigrateCommand->prepareDatabase()
#10 /home/cas/Documents/laravel-blog/laravel-blog/blog/vendor/laravel/framework/src/Illuminate/Database/Migrations/Migrator.php(632): Illuminate\\Database\\Console\\Migrations\\MigrateCommand->Illuminate\\Database\\Console\\Migrations\\{closure}()
#11 /home/cas/Documents/laravel-blog/laravel-blog/blog/vendor/laravel/framework/src/Illuminate/Database/Console/Migrations/MigrateCommand.php(81): Illuminate\\Database\\Migrations\\Migrator->usingConnection()
#12 /home/cas/Documents/laravel-blog/laravel-blog/blog/vendor/laravel/framework/src/Illuminate/Container/BoundMethod.php(36): Illuminate\\Database\\Console\\Migrations\\MigrateCommand->handle()
#13 /home/cas/Documents/laravel-blog/laravel-blog/blog/vendor/laravel/framework/src/Illuminate/Container/Util.php(41): Illuminate\\Container\\BoundMethod::Illuminate\\Container\\{closure}()
#14 /home/cas/Documents/laravel-blog/laravel-blog/blog/vendor/laravel/framework/src/Illuminate/Container/BoundMethod.php(93): Illuminate\\Container\\Util::unwrapIfClosure()
#15 /home/cas/Documents/laravel-blog/laravel-blog/blog/vendor/laravel/framework/src/Illuminate/Container/BoundMethod.php(35): Illuminate\\Container\\BoundMethod::callBoundMethod()
#16 /home/cas/Documents/laravel-blog/laravel-blog/blog/vendor/laravel/framework/src/Illuminate/Container/Container.php(661): Illuminate\\Container\\BoundMethod::call()
#17 /home/cas/Documents/laravel-blog/laravel-blog/blog/vendor/laravel/framework/src/Illuminate/Console/Command.php(194): Illuminate\\Container\\Container->call()
#18 /home/cas/Documents/laravel-blog/laravel-blog/blog/vendor/symfony/console/Command/Command.php(312): Illuminate\\Console\\Command->execute()
#19 /home/cas/Documents/laravel-blog/laravel-blog/blog/vendor/laravel/framework/src/Illuminate/Console/Command.php(163): Symfony\\Component\\Console\\Command\\Command->run()
#20 /home/cas/Documents/laravel-blog/laravel-blog/blog/vendor/symfony/console/Application.php(1022): Illuminate\\Console\\Command->run()
#21 /home/cas/Documents/laravel-blog/laravel-blog/blog/vendor/symfony/console/Application.php(314): Symfony\\Component\\Console\\Application->doRunCommand()
#22 /home/cas/Documents/laravel-blog/laravel-blog/blog/vendor/symfony/console/Application.php(168): Symfony\\Component\\Console\\Application->doRun()
#23 /home/cas/Documents/laravel-blog/laravel-blog/blog/vendor/laravel/framework/src/Illuminate/Console/Application.php(102): Symfony\\Component\\Console\\Application->run()
#24 /home/cas/Documents/laravel-blog/laravel-blog/blog/vendor/laravel/framework/src/Illuminate/Foundation/Console/Kernel.php(155): Illuminate\\Console\\Application->run()
#25 /home/cas/Documents/laravel-blog/laravel-blog/blog/artisan(35): Illuminate\\Foundation\\Console\\Kernel->handle()
#26 {main}
"} 
[2023-02-28 00:15:42] local.ERROR: Database connection [sqlit3] not configured. {"exception":"[object] (InvalidArgumentException(code: 0): Database connection [sqlit3] not configured. at /home/cas/Documents/laravel-blog/laravel-blog/blog/vendor/laravel/framework/src/Illuminate/Database/DatabaseManager.php:173)
[stacktrace]
#0 /home/cas/Documents/laravel-blog/laravel-blog/blog/vendor/laravel/framework/src/Illuminate/Database/DatabaseManager.php(136): Illuminate\\Database\\DatabaseManager->configuration()
#1 /home/cas/Documents/laravel-blog/laravel-blog/blog/vendor/laravel/framework/src/Illuminate/Database/DatabaseManager.php(101): Illuminate\\Database\\DatabaseManager->makeConnection()
#2 /home/cas/Documents/laravel-blog/laravel-blog/blog/vendor/laravel/framework/src/Illuminate/Database/Migrations/DatabaseMigrationRepository.php(226): Illuminate\\Database\\DatabaseManager->connection()
#3 /home/cas/Documents/laravel-blog/laravel-blog/blog/vendor/laravel/framework/src/Illuminate/Database/Migrations/DatabaseMigrationRepository.php(182): Illuminate\\Database\\Migrations\\DatabaseMigrationRepository->getConnection()
#4 /home/cas/Documents/laravel-blog/laravel-blog/blog/vendor/laravel/framework/src/Illuminate/Database/Migrations/Migrator.php(699): Illuminate\\Database\\Migrations\\DatabaseMigrationRepository->repositoryExists()
#5 /home/cas/Documents/laravel-blog/laravel-blog/blog/vendor/laravel/framework/src/Illuminate/Database/Console/Migrations/MigrateCommand.php(138): Illuminate\\Database\\Migrations\\Migrator->repositoryExists()
#6 /home/cas/Documents/laravel-blog/laravel-blog/blog/vendor/laravel/framework/src/Illuminate/Support/helpers.php(247): Illuminate\\Database\\Console\\Migrations\\MigrateCommand->Illuminate\\Database\\Console\\Migrations\\{closure}()
#7 /home/cas/Documents/laravel-blog/laravel-blog/blog/vendor/laravel/framework/src/Illuminate/Database/Console/Migrations/MigrateCommand.php(138): retry()
#8 /home/cas/Documents/laravel-blog/laravel-blog/blog/vendor/laravel/framework/src/Illuminate/Database/Console/Migrations/MigrateCommand.php(114): Illuminate\\Database\\Console\\Migrations\\MigrateCommand->repositoryExists()
#9 /home/cas/Documents/laravel-blog/laravel-blog/blog/vendor/laravel/framework/src/Illuminate/Database/Console/Migrations/MigrateCommand.php(82): Illuminate\\Database\\Console\\Migrations\\MigrateCommand->prepareDatabase()
#10 /home/cas/Documents/laravel-blog/laravel-blog/blog/vendor/laravel/framework/src/Illuminate/Database/Migrations/Migrator.php(632): Illuminate\\Database\\Console\\Migrations\\MigrateCommand->Illuminate\\Database\\Console\\Migrations\\{closure}()
#11 /home/cas/Documents/laravel-blog/laravel-blog/blog/vendor/laravel/framework/src/Illuminate/Database/Console/Migrations/MigrateCommand.php(81): Illuminate\\Database\\Migrations\\Migrator->usingConnection()
#12 /home/cas/Documents/laravel-blog/laravel-blog/blog/vendor/laravel/framework/src/Illuminate/Container/BoundMethod.php(36): Illuminate\\Database\\Console\\Migrations\\MigrateCommand->handle()
#13 /home/cas/Documents/laravel-blog/laravel-blog/blog/vendor/laravel/framework/src/Illuminate/Container/Util.php(41): Illuminate\\Container\\BoundMethod::Illuminate\\Container\\{closure}()
#14 /home/cas/Documents/laravel-blog/laravel-blog/blog/vendor/laravel/framework/src/Illuminate/Container/BoundMethod.php(93): Illuminate\\Container\\Util::unwrapIfClosure()
#15 /home/cas/Documents/laravel-blog/laravel-blog/blog/vendor/laravel/framework/src/Illuminate/Container/BoundMethod.php(35): Illuminate\\Container\\BoundMethod::callBoundMethod()
#16 /home/cas/Documents/laravel-blog/laravel-blog/blog/vendor/laravel/framework/src/Illuminate/Container/Container.php(661): Illuminate\\Container\\BoundMethod::call()
#17 /home/cas/Documents/laravel-blog/laravel-blog/blog/vendor/laravel/framework/src/Illuminate/Console/Command.php(194): Illuminate\\Container\\Container->call()
#18 /home/cas/Documents/laravel-blog/laravel-blog/blog/vendor/symfony/console/Command/Command.php(312): Illuminate\\Console\\Command->execute()
#19 /home/cas/Documents/laravel-blog/laravel-blog/blog/vendor/laravel/framework/src/Illuminate/Console/Command.php(163): Symfony\\Component\\Console\\Command\\Command->run()
#20 /home/cas/Documents/laravel-blog/laravel-blog/blog/vendor/symfony/console/Application.php(1022): Illuminate\\Console\\Command->run()
#21 /home/cas/Documents/laravel-blog/laravel-blog/blog/vendor/symfony/console/Application.php(314): Symfony\\Component\\Console\\Application->doRunCommand()
#22 /home/cas/Documents/laravel-blog/laravel-blog/blog/vendor/symfony/console/Application.php(168): Symfony\\Component\\Console\\Application->doRun()
#23 /home/cas/Documents/laravel-blog/laravel-blog/blog/vendor/laravel/framework/src/Illuminate/Console/Application.php(102): Symfony\\Component\\Console\\Application->run()
#24 /home/cas/Documents/laravel-blog/laravel-blog/blog/vendor/laravel/framework/src/Illuminate/Foundation/Console/Kernel.php(155): Illuminate\\Console\\Application->run()
#25 /home/cas/Documents/laravel-blog/laravel-blog/blog/artisan(35): Illuminate\\Foundation\\Console\\Kernel->handle()
#26 {main}
"} 
[2023-02-28 00:19:29] local.ERROR: Database connection [sqlit3] not configured. {"exception":"[object] (InvalidArgumentException(code: 0): Database connection [sqlit3] not configured. at /home/cas/Documents/laravel-blog/laravel-blog/blog/vendor/laravel/framework/src/Illuminate/Database/DatabaseManager.php:173)
[stacktrace]
#0 /home/cas/Documents/laravel-blog/laravel-blog/blog/vendor/laravel/framework/src/Illuminate/Database/DatabaseManager.php(136): Illuminate\\Database\\DatabaseManager->configuration()
#1 /home/cas/Documents/laravel-blog/laravel-blog/blog/vendor/laravel/framework/src/Illuminate/Database/DatabaseManager.php(101): Illuminate\\Database\\DatabaseManager->makeConnection()
#2 /home/cas/Documents/laravel-blog/laravel-blog/blog/vendor/laravel/framework/src/Illuminate/Database/Migrations/DatabaseMigrationRepository.php(226): Illuminate\\Database\\DatabaseManager->connection()
#3 /home/cas/Documents/laravel-blog/laravel-blog/blog/vendor/laravel/framework/src/Illuminate/Database/Migrations/DatabaseMigrationRepository.php(182): Illuminate\\Database\\Migrations\\DatabaseMigrationRepository->getConnection()
#4 /home/cas/Documents/laravel-blog/laravel-blog/blog/vendor/laravel/framework/src/Illuminate/Database/Migrations/Migrator.php(699): Illuminate\\Database\\Migrations\\DatabaseMigrationRepository->repositoryExists()
#5 /home/cas/Documents/laravel-blog/laravel-blog/blog/vendor/laravel/framework/src/Illuminate/Database/Console/Migrations/MigrateCommand.php(138): Illuminate\\Database\\Migrations\\Migrator->repositoryExists()
#6 /home/cas/Documents/laravel-blog/laravel-blog/blog/vendor/laravel/framework/src/Illuminate/Support/helpers.php(247): Illuminate\\Database\\Console\\Migrations\\MigrateCommand->Illuminate\\Database\\Console\\Migrations\\{closure}()
#7 /home/cas/Documents/laravel-blog/laravel-blog/blog/vendor/laravel/framework/src/Illuminate/Database/Console/Migrations/MigrateCommand.php(138): retry()
#8 /home/cas/Documents/laravel-blog/laravel-blog/blog/vendor/laravel/framework/src/Illuminate/Database/Console/Migrations/MigrateCommand.php(114): Illuminate\\Database\\Console\\Migrations\\MigrateCommand->repositoryExists()
#9 /home/cas/Documents/laravel-blog/laravel-blog/blog/vendor/laravel/framework/src/Illuminate/Database/Console/Migrations/MigrateCommand.php(82): Illuminate\\Database\\Console\\Migrations\\MigrateCommand->prepareDatabase()
#10 /home/cas/Documents/laravel-blog/laravel-blog/blog/vendor/laravel/framework/src/Illuminate/Database/Migrations/Migrator.php(632): Illuminate\\Database\\Console\\Migrations\\MigrateCommand->Illuminate\\Database\\Console\\Migrations\\{closure}()
#11 /home/cas/Documents/laravel-blog/laravel-blog/blog/vendor/laravel/framework/src/Illuminate/Database/Console/Migrations/MigrateCommand.php(81): Illuminate\\Database\\Migrations\\Migrator->usingConnection()
#12 /home/cas/Documents/laravel-blog/laravel-blog/blog/vendor/laravel/framework/src/Illuminate/Container/BoundMethod.php(36): Illuminate\\Database\\Console\\Migrations\\MigrateCommand->handle()
#13 /home/cas/Documents/laravel-blog/laravel-blog/blog/vendor/laravel/framework/src/Illuminate/Container/Util.php(41): Illuminate\\Container\\BoundMethod::Illuminate\\Container\\{closure}()
#14 /home/cas/Documents/laravel-blog/laravel-blog/blog/vendor/laravel/framework/src/Illuminate/Container/BoundMethod.php(93): Illuminate\\Container\\Util::unwrapIfClosure()
#15 /home/cas/Documents/laravel-blog/laravel-blog/blog/vendor/laravel/framework/src/Illuminate/Container/BoundMethod.php(35): Illuminate\\Container\\BoundMethod::callBoundMethod()
#16 /home/cas/Documents/laravel-blog/laravel-blog/blog/vendor/laravel/framework/src/Illuminate/Container/Container.php(661): Illuminate\\Container\\BoundMethod::call()
#17 /home/cas/Documents/laravel-blog/laravel-blog/blog/vendor/laravel/framework/src/Illuminate/Console/Command.php(194): Illuminate\\Container\\Container->call()
#18 /home/cas/Documents/laravel-blog/laravel-blog/blog/vendor/symfony/console/Command/Command.php(312): Illuminate\\Console\\Command->execute()
#19 /home/cas/Documents/laravel-blog/laravel-blog/blog/vendor/laravel/framework/src/Illuminate/Console/Command.php(163): Symfony\\Component\\Console\\Command\\Command->run()
#20 /home/cas/Documents/laravel-blog/laravel-blog/blog/vendor/symfony/console/Application.php(1022): Illuminate\\Console\\Command->run()
#21 /home/cas/Documents/laravel-blog/laravel-blog/blog/vendor/symfony/console/Application.php(314): Symfony\\Component\\Console\\Application->doRunCommand()
#22 /home/cas/Documents/laravel-blog/laravel-blog/blog/vendor/symfony/console/Application.php(168): Symfony\\Component\\Console\\Application->doRun()
#23 /home/cas/Documents/laravel-blog/laravel-blog/blog/vendor/laravel/framework/src/Illuminate/Console/Application.php(102): Symfony\\Component\\Console\\Application->run()
#24 /home/cas/Documents/laravel-blog/laravel-blog/blog/vendor/laravel/framework/src/Illuminate/Foundation/Console/Kernel.php(155): Illuminate\\Console\\Application->run()
#25 /home/cas/Documents/laravel-blog/laravel-blog/blog/artisan(35): Illuminate\\Foundation\\Console\\Kernel->handle()
#26 {main}
"} 
[2023-02-28 00:22:24] local.ERROR: Database connection [sqlit] not configured. {"exception":"[object] (InvalidArgumentException(code: 0): Database connection [sqlit] not configured. at /home/cas/Documents/laravel-blog/laravel-blog/blog/vendor/laravel/framework/src/Illuminate/Database/DatabaseManager.php:173)
[stacktrace]
#0 /home/cas/Documents/laravel-blog/laravel-blog/blog/vendor/laravel/framework/src/Illuminate/Database/DatabaseManager.php(136): Illuminate\\Database\\DatabaseManager->configuration()
#1 /home/cas/Documents/laravel-blog/laravel-blog/blog/vendor/laravel/framework/src/Illuminate/Database/DatabaseManager.php(101): Illuminate\\Database\\DatabaseManager->makeConnection()
#2 /home/cas/Documents/laravel-blog/laravel-blog/blog/vendor/laravel/framework/src/Illuminate/Database/Migrations/DatabaseMigrationRepository.php(226): Illuminate\\Database\\DatabaseManager->connection()
#3 /home/cas/Documents/laravel-blog/laravel-blog/blog/vendor/laravel/framework/src/Illuminate/Database/Migrations/DatabaseMigrationRepository.php(182): Illuminate\\Database\\Migrations\\DatabaseMigrationRepository->getConnection()
#4 /home/cas/Documents/laravel-blog/laravel-blog/blog/vendor/laravel/framework/src/Illuminate/Database/Migrations/Migrator.php(699): Illuminate\\Database\\Migrations\\DatabaseMigrationRepository->repositoryExists()
#5 /home/cas/Documents/laravel-blog/laravel-blog/blog/vendor/laravel/framework/src/Illuminate/Database/Console/Migrations/MigrateCommand.php(138): Illuminate\\Database\\Migrations\\Migrator->repositoryExists()
#6 /home/cas/Documents/laravel-blog/laravel-blog/blog/vendor/laravel/framework/src/Illuminate/Support/helpers.php(247): Illuminate\\Database\\Console\\Migrations\\MigrateCommand->Illuminate\\Database\\Console\\Migrations\\{closure}()
#7 /home/cas/Documents/laravel-blog/laravel-blog/blog/vendor/laravel/framework/src/Illuminate/Database/Console/Migrations/MigrateCommand.php(138): retry()
#8 /home/cas/Documents/laravel-blog/laravel-blog/blog/vendor/laravel/framework/src/Illuminate/Database/Console/Migrations/MigrateCommand.php(114): Illuminate\\Database\\Console\\Migrations\\MigrateCommand->repositoryExists()
#9 /home/cas/Documents/laravel-blog/laravel-blog/blog/vendor/laravel/framework/src/Illuminate/Database/Console/Migrations/MigrateCommand.php(82): Illuminate\\Database\\Console\\Migrations\\MigrateCommand->prepareDatabase()
#10 /home/cas/Documents/laravel-blog/laravel-blog/blog/vendor/laravel/framework/src/Illuminate/Database/Migrations/Migrator.php(632): Illuminate\\Database\\Console\\Migrations\\MigrateCommand->Illuminate\\Database\\Console\\Migrations\\{closure}()
#11 /home/cas/Documents/laravel-blog/laravel-blog/blog/vendor/laravel/framework/src/Illuminate/Database/Console/Migrations/MigrateCommand.php(81): Illuminate\\Database\\Migrations\\Migrator->usingConnection()
#12 /home/cas/Documents/laravel-blog/laravel-blog/blog/vendor/laravel/framework/src/Illuminate/Container/BoundMethod.php(36): Illuminate\\Database\\Console\\Migrations\\MigrateCommand->handle()
#13 /home/cas/Documents/laravel-blog/laravel-blog/blog/vendor/laravel/framework/src/Illuminate/Container/Util.php(41): Illuminate\\Container\\BoundMethod::Illuminate\\Container\\{closure}()
#14 /home/cas/Documents/laravel-blog/laravel-blog/blog/vendor/laravel/framework/src/Illuminate/Container/BoundMethod.php(93): Illuminate\\Container\\Util::unwrapIfClosure()
#15 /home/cas/Documents/laravel-blog/laravel-blog/blog/vendor/laravel/framework/src/Illuminate/Container/BoundMethod.php(35): Illuminate\\Container\\BoundMethod::callBoundMethod()
#16 /home/cas/Documents/laravel-blog/laravel-blog/blog/vendor/laravel/framework/src/Illuminate/Container/Container.php(661): Illuminate\\Container\\BoundMethod::call()
#17 /home/cas/Documents/laravel-blog/laravel-blog/blog/vendor/laravel/framework/src/Illuminate/Console/Command.php(194): Illuminate\\Container\\Container->call()
#18 /home/cas/Documents/laravel-blog/laravel-blog/blog/vendor/symfony/console/Command/Command.php(312): Illuminate\\Console\\Command->execute()
#19 /home/cas/Documents/laravel-blog/laravel-blog/blog/vendor/laravel/framework/src/Illuminate/Console/Command.php(163): Symfony\\Component\\Console\\Command\\Command->run()
#20 /home/cas/Documents/laravel-blog/laravel-blog/blog/vendor/symfony/console/Application.php(1022): Illuminate\\Console\\Command->run()
#21 /home/cas/Documents/laravel-blog/laravel-blog/blog/vendor/symfony/console/Application.php(314): Symfony\\Component\\Console\\Application->doRunCommand()
#22 /home/cas/Documents/laravel-blog/laravel-blog/blog/vendor/symfony/console/Application.php(168): Symfony\\Component\\Console\\Application->doRun()
#23 /home/cas/Documents/laravel-blog/laravel-blog/blog/vendor/laravel/framework/src/Illuminate/Console/Application.php(102): Symfony\\Component\\Console\\Application->run()
#24 /home/cas/Documents/laravel-blog/laravel-blog/blog/vendor/laravel/framework/src/Illuminate/Foundation/Console/Kernel.php(155): Illuminate\\Console\\Application->run()
#25 /home/cas/Documents/laravel-blog/laravel-blog/blog/artisan(35): Illuminate\\Foundation\\Console\\Kernel->handle()
#26 {main}
"} 
[2023-02-28 00:31:24] local.ERROR: Database connection [sqlit] not configured. {"exception":"[object] (InvalidArgumentException(code: 0): Database connection [sqlit] not configured. at /home/cas/Documents/laravel-blog/laravel-blog/blog/vendor/laravel/framework/src/Illuminate/Database/DatabaseManager.php:173)
[stacktrace]
#0 /home/cas/Documents/laravel-blog/laravel-blog/blog/vendor/laravel/framework/src/Illuminate/Database/DatabaseManager.php(136): Illuminate\\Database\\DatabaseManager->configuration()
#1 /home/cas/Documents/laravel-blog/laravel-blog/blog/vendor/laravel/framework/src/Illuminate/Database/DatabaseManager.php(101): Illuminate\\Database\\DatabaseManager->makeConnection()
#2 /home/cas/Documents/laravel-blog/laravel-blog/blog/vendor/laravel/framework/src/Illuminate/Database/Migrations/DatabaseMigrationRepository.php(226): Illuminate\\Database\\DatabaseManager->connection()
#3 /home/cas/Documents/laravel-blog/laravel-blog/blog/vendor/laravel/framework/src/Illuminate/Database/Migrations/DatabaseMigrationRepository.php(182): Illuminate\\Database\\Migrations\\DatabaseMigrationRepository->getConnection()
#4 /home/cas/Documents/laravel-blog/laravel-blog/blog/vendor/laravel/framework/src/Illuminate/Database/Migrations/Migrator.php(699): Illuminate\\Database\\Migrations\\DatabaseMigrationRepository->repositoryExists()
#5 /home/cas/Documents/laravel-blog/laravel-blog/blog/vendor/laravel/framework/src/Illuminate/Database/Console/Migrations/MigrateCommand.php(138): Illuminate\\Database\\Migrations\\Migrator->repositoryExists()
#6 /home/cas/Documents/laravel-blog/laravel-blog/blog/vendor/laravel/framework/src/Illuminate/Support/helpers.php(247): Illuminate\\Database\\Console\\Migrations\\MigrateCommand->Illuminate\\Database\\Console\\Migrations\\{closure}()
#7 /home/cas/Documents/laravel-blog/laravel-blog/blog/vendor/laravel/framework/src/Illuminate/Database/Console/Migrations/MigrateCommand.php(138): retry()
#8 /home/cas/Documents/laravel-blog/laravel-blog/blog/vendor/laravel/framework/src/Illuminate/Database/Console/Migrations/MigrateCommand.php(114): Illuminate\\Database\\Console\\Migrations\\MigrateCommand->repositoryExists()
#9 /home/cas/Documents/laravel-blog/laravel-blog/blog/vendor/laravel/framework/src/Illuminate/Database/Console/Migrations/MigrateCommand.php(82): Illuminate\\Database\\Console\\Migrations\\MigrateCommand->prepareDatabase()
#10 /home/cas/Documents/laravel-blog/laravel-blog/blog/vendor/laravel/framework/src/Illuminate/Database/Migrations/Migrator.php(632): Illuminate\\Database\\Console\\Migrations\\MigrateCommand->Illuminate\\Database\\Console\\Migrations\\{closure}()
#11 /home/cas/Documents/laravel-blog/laravel-blog/blog/vendor/laravel/framework/src/Illuminate/Database/Console/Migrations/MigrateCommand.php(81): Illuminate\\Database\\Migrations\\Migrator->usingConnection()
#12 /home/cas/Documents/laravel-blog/laravel-blog/blog/vendor/laravel/framework/src/Illuminate/Container/BoundMethod.php(36): Illuminate\\Database\\Console\\Migrations\\MigrateCommand->handle()
#13 /home/cas/Documents/laravel-blog/laravel-blog/blog/vendor/laravel/framework/src/Illuminate/Container/Util.php(41): Illuminate\\Container\\BoundMethod::Illuminate\\Container\\{closure}()
#14 /home/cas/Documents/laravel-blog/laravel-blog/blog/vendor/laravel/framework/src/Illuminate/Container/BoundMethod.php(93): Illuminate\\Container\\Util::unwrapIfClosure()
#15 /home/cas/Documents/laravel-blog/laravel-blog/blog/vendor/laravel/framework/src/Illuminate/Container/BoundMethod.php(35): Illuminate\\Container\\BoundMethod::callBoundMethod()
#16 /home/cas/Documents/laravel-blog/laravel-blog/blog/vendor/laravel/framework/src/Illuminate/Container/Container.php(661): Illuminate\\Container\\BoundMethod::call()
#17 /home/cas/Documents/laravel-blog/laravel-blog/blog/vendor/laravel/framework/src/Illuminate/Console/Command.php(194): Illuminate\\Container\\Container->call()
#18 /home/cas/Documents/laravel-blog/laravel-blog/blog/vendor/symfony/console/Command/Command.php(312): Illuminate\\Console\\Command->execute()
#19 /home/cas/Documents/laravel-blog/laravel-blog/blog/vendor/laravel/framework/src/Illuminate/Console/Command.php(163): Symfony\\Component\\Console\\Command\\Command->run()
#20 /home/cas/Documents/laravel-blog/laravel-blog/blog/vendor/symfony/console/Application.php(1022): Illuminate\\Console\\Command->run()
#21 /home/cas/Documents/laravel-blog/laravel-blog/blog/vendor/symfony/console/Application.php(314): Symfony\\Component\\Console\\Application->doRunCommand()
#22 /home/cas/Documents/laravel-blog/laravel-blog/blog/vendor/symfony/console/Application.php(168): Symfony\\Component\\Console\\Application->doRun()
#23 /home/cas/Documents/laravel-blog/laravel-blog/blog/vendor/laravel/framework/src/Illuminate/Console/Application.php(102): Symfony\\Component\\Console\\Application->run()
#24 /home/cas/Documents/laravel-blog/laravel-blog/blog/vendor/laravel/framework/src/Illuminate/Foundation/Console/Kernel.php(155): Illuminate\\Console\\Application->run()
#25 /home/cas/Documents/laravel-blog/laravel-blog/blog/artisan(35): Illuminate\\Foundation\\Console\\Kernel->handle()
#26 {main}
"} 
[2023-02-28 00:32:06] local.ERROR: could not find driver (Connection: sqlite, SQL: PRAGMA foreign_keys = ON;) {"exception":"[object] (Illuminate\\Database\\QueryException(code: 0): could not find driver (Connection: sqlite, SQL: PRAGMA foreign_keys = ON;) at /home/cas/Documents/laravel-blog/laravel-blog/blog/vendor/laravel/framework/src/Illuminate/Database/Connection.php:760)
[stacktrace]
#0 /home/cas/Documents/laravel-blog/laravel-blog/blog/vendor/laravel/framework/src/Illuminate/Database/Connection.php(720): Illuminate\\Database\\Connection->runQueryCallback()
#1 /home/cas/Documents/laravel-blog/laravel-blog/blog/vendor/laravel/framework/src/Illuminate/Database/Connection.php(534): Illuminate\\Database\\Connection->run()
#2 /home/cas/Documents/laravel-blog/laravel-blog/blog/vendor/laravel/framework/src/Illuminate/Database/Schema/Builder.php(397): Illuminate\\Database\\Connection->statement()
#3 /home/cas/Documents/laravel-blog/laravel-blog/blog/vendor/laravel/framework/src/Illuminate/Database/SQLiteConnection.php(35): Illuminate\\Database\\Schema\\Builder->enableForeignKeyConstraints()
#4 /home/cas/Documents/laravel-blog/laravel-blog/blog/vendor/laravel/framework/src/Illuminate/Database/Connectors/ConnectionFactory.php(272): Illuminate\\Database\\SQLiteConnection->__construct()
#5 /home/cas/Documents/laravel-blog/laravel-blog/blog/vendor/laravel/framework/src/Illuminate/Database/Connectors/ConnectionFactory.php(75): Illuminate\\Database\\Connectors\\ConnectionFactory->createConnection()
#6 /home/cas/Documents/laravel-blog/laravel-blog/blog/vendor/laravel/framework/src/Illuminate/Database/Connectors/ConnectionFactory.php(50): Illuminate\\Database\\Connectors\\ConnectionFactory->createSingleConnection()
#7 /home/cas/Documents/laravel-blog/laravel-blog/blog/vendor/laravel/framework/src/Illuminate/Database/DatabaseManager.php(152): Illuminate\\Database\\Connectors\\ConnectionFactory->make()
#8 /home/cas/Documents/laravel-blog/laravel-blog/blog/vendor/laravel/framework/src/Illuminate/Database/DatabaseManager.php(101): Illuminate\\Database\\DatabaseManager->makeConnection()
#9 /home/cas/Documents/laravel-blog/laravel-blog/blog/vendor/laravel/framework/src/Illuminate/Database/Migrations/DatabaseMigrationRepository.php(226): Illuminate\\Database\\DatabaseManager->connection()
#10 /home/cas/Documents/laravel-blog/laravel-blog/blog/vendor/laravel/framework/src/Illuminate/Database/Migrations/DatabaseMigrationRepository.php(182): Illuminate\\Database\\Migrations\\DatabaseMigrationRepository->getConnection()
#11 /home/cas/Documents/laravel-blog/laravel-blog/blog/vendor/laravel/framework/src/Illuminate/Database/Migrations/Migrator.php(699): Illuminate\\Database\\Migrations\\DatabaseMigrationRepository->repositoryExists()
#12 /home/cas/Documents/laravel-blog/laravel-blog/blog/vendor/laravel/framework/src/Illuminate/Database/Console/Migrations/MigrateCommand.php(138): Illuminate\\Database\\Migrations\\Migrator->repositoryExists()
#13 /home/cas/Documents/laravel-blog/laravel-blog/blog/vendor/laravel/framework/src/Illuminate/Support/helpers.php(247): Illuminate\\Database\\Console\\Migrations\\MigrateCommand->Illuminate\\Database\\Console\\Migrations\\{closure}()
#14 /home/cas/Documents/laravel-blog/laravel-blog/blog/vendor/laravel/framework/src/Illuminate/Database/Console/Migrations/MigrateCommand.php(138): retry()
#15 /home/cas/Documents/laravel-blog/laravel-blog/blog/vendor/laravel/framework/src/Illuminate/Database/Console/Migrations/MigrateCommand.php(114): Illuminate\\Database\\Console\\Migrations\\MigrateCommand->repositoryExists()
#16 /home/cas/Documents/laravel-blog/laravel-blog/blog/vendor/laravel/framework/src/Illuminate/Database/Console/Migrations/MigrateCommand.php(82): Illuminate\\Database\\Console\\Migrations\\MigrateCommand->prepareDatabase()
#17 /home/cas/Documents/laravel-blog/laravel-blog/blog/vendor/laravel/framework/src/Illuminate/Database/Migrations/Migrator.php(632): Illuminate\\Database\\Console\\Migrations\\MigrateCommand->Illuminate\\Database\\Console\\Migrations\\{closure}()
#18 /home/cas/Documents/laravel-blog/laravel-blog/blog/vendor/laravel/framework/src/Illuminate/Database/Console/Migrations/MigrateCommand.php(81): Illuminate\\Database\\Migrations\\Migrator->usingConnection()
#19 /home/cas/Documents/laravel-blog/laravel-blog/blog/vendor/laravel/framework/src/Illuminate/Container/BoundMethod.php(36): Illuminate\\Database\\Console\\Migrations\\MigrateCommand->handle()
#20 /home/cas/Documents/laravel-blog/laravel-blog/blog/vendor/laravel/framework/src/Illuminate/Container/Util.php(41): Illuminate\\Container\\BoundMethod::Illuminate\\Container\\{closure}()
#21 /home/cas/Documents/laravel-blog/laravel-blog/blog/vendor/laravel/framework/src/Illuminate/Container/BoundMethod.php(93): Illuminate\\Container\\Util::unwrapIfClosure()
#22 /home/cas/Documents/laravel-blog/laravel-blog/blog/vendor/laravel/framework/src/Illuminate/Container/BoundMethod.php(35): Illuminate\\Container\\BoundMethod::callBoundMethod()
#23 /home/cas/Documents/laravel-blog/laravel-blog/blog/vendor/laravel/framework/src/Illuminate/Container/Container.php(661): Illuminate\\Container\\BoundMethod::call()
#24 /home/cas/Documents/laravel-blog/laravel-blog/blog/vendor/laravel/framework/src/Illuminate/Console/Command.php(194): Illuminate\\Container\\Container->call()
#25 /home/cas/Documents/laravel-blog/laravel-blog/blog/vendor/symfony/console/Command/Command.php(312): Illuminate\\Console\\Command->execute()
#26 /home/cas/Documents/laravel-blog/laravel-blog/blog/vendor/laravel/framework/src/Illuminate/Console/Command.php(163): Symfony\\Component\\Console\\Command\\Command->run()
#27 /home/cas/Documents/laravel-blog/laravel-blog/blog/vendor/symfony/console/Application.php(1022): Illuminate\\Console\\Command->run()
#28 /home/cas/Documents/laravel-blog/laravel-blog/blog/vendor/symfony/console/Application.php(314): Symfony\\Component\\Console\\Application->doRunCommand()
#29 /home/cas/Documents/laravel-blog/laravel-blog/blog/vendor/symfony/console/Application.php(168): Symfony\\Component\\Console\\Application->doRun()
#30 /home/cas/Documents/laravel-blog/laravel-blog/blog/vendor/laravel/framework/src/Illuminate/Console/Application.php(102): Symfony\\Component\\Console\\Application->run()
#31 /home/cas/Documents/laravel-blog/laravel-blog/blog/vendor/laravel/framework/src/Illuminate/Foundation/Console/Kernel.php(155): Illuminate\\Console\\Application->run()
#32 /home/cas/Documents/laravel-blog/laravel-blog/blog/artisan(35): Illuminate\\Foundation\\Console\\Kernel->handle()
#33 {main}

[previous exception] [object] (PDOException(code: 0): could not find driver at /home/cas/Documents/laravel-blog/laravel-blog/blog/vendor/laravel/framework/src/Illuminate/Database/Connectors/Connector.php:65)
[stacktrace]
#0 /home/cas/Documents/laravel-blog/laravel-blog/blog/vendor/laravel/framework/src/Illuminate/Database/Connectors/Connector.php(65): PDO->__construct()
#1 /home/cas/Documents/laravel-blog/laravel-blog/blog/vendor/laravel/framework/src/Illuminate/Database/Connectors/Connector.php(44): Illuminate\\Database\\Connectors\\Connector->createPdoConnection()
#2 /home/cas/Documents/laravel-blog/laravel-blog/blog/vendor/laravel/framework/src/Illuminate/Database/Connectors/SQLiteConnector.php(37): Illuminate\\Database\\Connectors\\Connector->createConnection()
#3 /home/cas/Documents/laravel-blog/laravel-blog/blog/vendor/laravel/framework/src/Illuminate/Database/Connectors/ConnectionFactory.php(221): Illuminate\\Database\\Connectors\\SQLiteConnector->connect()
#4 [internal function]: Illuminate\\Database\\Connectors\\ConnectionFactory->Illuminate\\Database\\Connectors\\{closure}()
#5 /home/cas/Documents/laravel-blog/laravel-blog/blog/vendor/laravel/framework/src/Illuminate/Database/Connection.php(1177): call_user_func()
#6 /home/cas/Documents/laravel-blog/laravel-blog/blog/vendor/laravel/framework/src/Illuminate/Database/Connection.php(539): Illuminate\\Database\\Connection->getPdo()
#7 /home/cas/Documents/laravel-blog/laravel-blog/blog/vendor/laravel/framework/src/Illuminate/Database/Connection.php(753): Illuminate\\Database\\Connection->Illuminate\\Database\\{closure}()
#8 /home/cas/Documents/laravel-blog/laravel-blog/blog/vendor/laravel/framework/src/Illuminate/Database/Connection.php(720): Illuminate\\Database\\Connection->runQueryCallback()
#9 /home/cas/Documents/laravel-blog/laravel-blog/blog/vendor/laravel/framework/src/Illuminate/Database/Connection.php(534): Illuminate\\Database\\Connection->run()
#10 /home/cas/Documents/laravel-blog/laravel-blog/blog/vendor/laravel/framework/src/Illuminate/Database/Schema/Builder.php(397): Illuminate\\Database\\Connection->statement()
#11 /home/cas/Documents/laravel-blog/laravel-blog/blog/vendor/laravel/framework/src/Illuminate/Database/SQLiteConnection.php(35): Illuminate\\Database\\Schema\\Builder->enableForeignKeyConstraints()
#12 /home/cas/Documents/laravel-blog/laravel-blog/blog/vendor/laravel/framework/src/Illuminate/Database/Connectors/ConnectionFactory.php(272): Illuminate\\Database\\SQLiteConnection->__construct()
#13 /home/cas/Documents/laravel-blog/laravel-blog/blog/vendor/laravel/framework/src/Illuminate/Database/Connectors/ConnectionFactory.php(75): Illuminate\\Database\\Connectors\\ConnectionFactory->createConnection()
#14 /home/cas/Documents/laravel-blog/laravel-blog/blog/vendor/laravel/framework/src/Illuminate/Database/Connectors/ConnectionFactory.php(50): Illuminate\\Database\\Connectors\\ConnectionFactory->createSingleConnection()
#15 /home/cas/Documents/laravel-blog/laravel-blog/blog/vendor/laravel/framework/src/Illuminate/Database/DatabaseManager.php(152): Illuminate\\Database\\Connectors\\ConnectionFactory->make()
#16 /home/cas/Documents/laravel-blog/laravel-blog/blog/vendor/laravel/framework/src/Illuminate/Database/DatabaseManager.php(101): Illuminate\\Database\\DatabaseManager->makeConnection()
#17 /home/cas/Documents/laravel-blog/laravel-blog/blog/vendor/laravel/framework/src/Illuminate/Database/Migrations/DatabaseMigrationRepository.php(226): Illuminate\\Database\\DatabaseManager->connection()
#18 /home/cas/Documents/laravel-blog/laravel-blog/blog/vendor/laravel/framework/src/Illuminate/Database/Migrations/DatabaseMigrationRepository.php(182): Illuminate\\Database\\Migrations\\DatabaseMigrationRepository->getConnection()
#19 /home/cas/Documents/laravel-blog/laravel-blog/blog/vendor/laravel/framework/src/Illuminate/Database/Migrations/Migrator.php(699): Illuminate\\Database\\Migrations\\DatabaseMigrationRepository->repositoryExists()
#20 /home/cas/Documents/laravel-blog/laravel-blog/blog/vendor/laravel/framework/src/Illuminate/Database/Console/Migrations/MigrateCommand.php(138): Illuminate\\Database\\Migrations\\Migrator->repositoryExists()
#21 /home/cas/Documents/laravel-blog/laravel-blog/blog/vendor/laravel/framework/src/Illuminate/Support/helpers.php(247): Illuminate\\Database\\Console\\Migrations\\MigrateCommand->Illuminate\\Database\\Console\\Migrations\\{closure}()
#22 /home/cas/Documents/laravel-blog/laravel-blog/blog/vendor/laravel/framework/src/Illuminate/Database/Console/Migrations/MigrateCommand.php(138): retry()
#23 /home/cas/Documents/laravel-blog/laravel-blog/blog/vendor/laravel/framework/src/Illuminate/Database/Console/Migrations/MigrateCommand.php(114): Illuminate\\Database\\Console\\Migrations\\MigrateCommand->repositoryExists()
#24 /home/cas/Documents/laravel-blog/laravel-blog/blog/vendor/laravel/framework/src/Illuminate/Database/Console/Migrations/MigrateCommand.php(82): Illuminate\\Database\\Console\\Migrations\\MigrateCommand->prepareDatabase()
#25 /home/cas/Documents/laravel-blog/laravel-blog/blog/vendor/laravel/framework/src/Illuminate/Database/Migrations/Migrator.php(632): Illuminate\\Database\\Console\\Migrations\\MigrateCommand->Illuminate\\Database\\Console\\Migrations\\{closure}()
#26 /home/cas/Documents/laravel-blog/laravel-blog/blog/vendor/laravel/framework/src/Illuminate/Database/Console/Migrations/MigrateCommand.php(81): Illuminate\\Database\\Migrations\\Migrator->usingConnection()
#27 /home/cas/Documents/laravel-blog/laravel-blog/blog/vendor/laravel/framework/src/Illuminate/Container/BoundMethod.php(36): Illuminate\\Database\\Console\\Migrations\\MigrateCommand->handle()
#28 /home/cas/Documents/laravel-blog/laravel-blog/blog/vendor/laravel/framework/src/Illuminate/Container/Util.php(41): Illuminate\\Container\\BoundMethod::Illuminate\\Container\\{closure}()
#29 /home/cas/Documents/laravel-blog/laravel-blog/blog/vendor/laravel/framework/src/Illuminate/Container/BoundMethod.php(93): Illuminate\\Container\\Util::unwrapIfClosure()
#30 /home/cas/Documents/laravel-blog/laravel-blog/blog/vendor/laravel/framework/src/Illuminate/Container/BoundMethod.php(35): Illuminate\\Container\\BoundMethod::callBoundMethod()
#31 /home/cas/Documents/laravel-blog/laravel-blog/blog/vendor/laravel/framework/src/Illuminate/Container/Container.php(661): Illuminate\\Container\\BoundMethod::call()
#32 /home/cas/Documents/laravel-blog/laravel-blog/blog/vendor/laravel/framework/src/Illuminate/Console/Command.php(194): Illuminate\\Container\\Container->call()
#33 /home/cas/Documents/laravel-blog/laravel-blog/blog/vendor/symfony/console/Command/Command.php(312): Illuminate\\Console\\Command->execute()
#34 /home/cas/Documents/laravel-blog/laravel-blog/blog/vendor/laravel/framework/src/Illuminate/Console/Command.php(163): Symfony\\Component\\Console\\Command\\Command->run()
#35 /home/cas/Documents/laravel-blog/laravel-blog/blog/vendor/symfony/console/Application.php(1022): Illuminate\\Console\\Command->run()
#36 /home/cas/Documents/laravel-blog/laravel-blog/blog/vendor/symfony/console/Application.php(314): Symfony\\Component\\Console\\Application->doRunCommand()
#37 /home/cas/Documents/laravel-blog/laravel-blog/blog/vendor/symfony/console/Application.php(168): Symfony\\Component\\Console\\Application->doRun()
#38 /home/cas/Documents/laravel-blog/laravel-blog/blog/vendor/laravel/framework/src/Illuminate/Console/Application.php(102): Symfony\\Component\\Console\\Application->run()
#39 /home/cas/Documents/laravel-blog/laravel-blog/blog/vendor/laravel/framework/src/Illuminate/Foundation/Console/Kernel.php(155): Illuminate\\Console\\Application->run()
#40 /home/cas/Documents/laravel-blog/laravel-blog/blog/artisan(35): Illuminate\\Foundation\\Console\\Kernel->handle()
#41 {main}
"} 
